#! /usr/local/bin/vvp
:ivl_version "10.3 (stable)" "(v10_3)";
:ivl_delay_selection "TYPICAL";
:vpi_time_precision + 0;
:vpi_module "system";
:vpi_module "vhdl_sys";
:vpi_module "v2005_math";
:vpi_module "va_math";
S_0x564857384c90 .scope module, "test_registru" "test_registru" 2 2;
 .timescale 0 0;
v0x56485739cb90_0 .var "DEC", 0 0;
v0x56485739cc50_0 .var "EN", 0 0;
v0x56485739cd20_0 .var "INC", 0 0;
v0x56485739ce20_0 .var "RESET", 0 0;
v0x56485739cef0_0 .var "SHL", 0 0;
v0x56485739cf90_0 .var "SHR", 0 0;
v0x56485739d060_0 .var "clk", 0 0;
v0x56485739d130_0 .var "datain", 3 0;
v0x56485739d200_0 .net "dataout", 3 0, v0x56485739c990_0;  1 drivers
S_0x564857384e10 .scope module, "r" "registru" 2 19, 3 1 0, S_0x564857384c90;
 .timescale 0 0;
    .port_info 0 /INPUT 4 "datain"
    .port_info 1 /INPUT 1 "clk"
    .port_info 2 /INPUT 1 "EN"
    .port_info 3 /INPUT 1 "RESET"
    .port_info 4 /INPUT 1 "INC"
    .port_info 5 /INPUT 1 "DEC"
    .port_info 6 /INPUT 1 "SHR"
    .port_info 7 /INPUT 1 "SHL"
    .port_info 8 /OUTPUT 4 "dataout"
v0x56485734d1c0_0 .net "DEC", 0 0, v0x56485739cb90_0;  1 drivers
v0x56485739c400_0 .net "EN", 0 0, v0x56485739cc50_0;  1 drivers
v0x56485739c4c0_0 .net "INC", 0 0, v0x56485739cd20_0;  1 drivers
v0x56485739c560_0 .net "RESET", 0 0, v0x56485739ce20_0;  1 drivers
v0x56485739c620_0 .net "SHL", 0 0, v0x56485739cef0_0;  1 drivers
v0x56485739c730_0 .net "SHR", 0 0, v0x56485739cf90_0;  1 drivers
v0x56485739c7f0_0 .net "clk", 0 0, v0x56485739d060_0;  1 drivers
v0x56485739c8b0_0 .net "datain", 3 0, v0x56485739d130_0;  1 drivers
v0x56485739c990_0 .var "dataout", 3 0;
E_0x564857382dc0 .event posedge, v0x56485739c7f0_0;
    .scope S_0x564857384e10;
T_0 ;
    %wait E_0x564857382dc0;
    %load/vec4 v0x56485739c560_0;
    %flag_set/vec4 8;
    %jmp/0xz  T_0.0, 8;
    %pushi/vec4 0, 0, 4;
    %assign/vec4 v0x56485739c990_0, 0;
    %jmp T_0.1;
T_0.0 ;
    %load/vec4 v0x56485739c400_0;
    %flag_set/vec4 8;
    %jmp/0xz  T_0.2, 8;
    %load/vec4 v0x56485739c8b0_0;
    %assign/vec4 v0x56485739c990_0, 0;
    %jmp T_0.3;
T_0.2 ;
    %load/vec4 v0x56485739c4c0_0;
    %flag_set/vec4 8;
    %jmp/0xz  T_0.4, 8;
    %load/vec4 v0x56485739c990_0;
    %addi 1, 0, 4;
    %assign/vec4 v0x56485739c990_0, 0;
    %jmp T_0.5;
T_0.4 ;
    %load/vec4 v0x56485734d1c0_0;
    %flag_set/vec4 8;
    %jmp/0xz  T_0.6, 8;
    %load/vec4 v0x56485739c990_0;
    %subi 1, 0, 4;
    %assign/vec4 v0x56485739c990_0, 0;
    %jmp T_0.7;
T_0.6 ;
    %load/vec4 v0x56485739c730_0;
    %flag_set/vec4 8;
    %jmp/0xz  T_0.8, 8;
    %load/vec4 v0x56485739c990_0;
    %ix/load 4, 1, 0;
    %flag_set/imm 4, 0;
    %shiftr 4;
    %assign/vec4 v0x56485739c990_0, 0;
    %jmp T_0.9;
T_0.8 ;
    %load/vec4 v0x56485739c620_0;
    %flag_set/vec4 8;
    %jmp/0xz  T_0.10, 8;
    %load/vec4 v0x56485739c990_0;
    %ix/load 4, 1, 0;
    %flag_set/imm 4, 0;
    %shiftl 4;
    %assign/vec4 v0x56485739c990_0, 0;
T_0.10 ;
T_0.9 ;
T_0.7 ;
T_0.5 ;
T_0.3 ;
T_0.1 ;
    %jmp T_0;
    .thread T_0;
    .scope S_0x564857384c90;
T_1 ;
    %pushi/vec4 0, 0, 1;
    %store/vec4 v0x56485739d060_0, 0, 1;
    %pushi/vec4 1, 0, 1;
    %store/vec4 v0x56485739cc50_0, 0, 1;
    %pushi/vec4 0, 0, 1;
    %store/vec4 v0x56485739cd20_0, 0, 1;
    %pushi/vec4 0, 0, 1;
    %store/vec4 v0x56485739cb90_0, 0, 1;
    %pushi/vec4 0, 0, 1;
    %store/vec4 v0x56485739ce20_0, 0, 1;
    %pushi/vec4 0, 0, 1;
    %store/vec4 v0x56485739cf90_0, 0, 1;
    %pushi/vec4 0, 0, 1;
    %store/vec4 v0x56485739cef0_0, 0, 1;
    %end;
    .thread T_1;
    .scope S_0x564857384c90;
T_2 ;
    %delay 1, 0;
    %load/vec4 v0x56485739d060_0;
    %nor/r;
    %store/vec4 v0x56485739d060_0, 0, 1;
    %jmp T_2;
    .thread T_2;
    .scope S_0x564857384c90;
T_3 ;
    %vpi_call 2 16 "$dumpfile", "testregistru.vcd" {0 0 0};
    %end;
    .thread T_3;
    .scope S_0x564857384c90;
T_4 ;
    %vpi_call 2 17 "$dumpvars", 32'sb00000000000000000000000000000000, S_0x564857384c90 {0 0 0};
    %end;
    .thread T_4;
    .scope S_0x564857384c90;
T_5 ;
    %delay 5, 0;
    %pushi/vec4 1, 0, 4;
    %store/vec4 v0x56485739d130_0, 0, 4;
    %delay 5, 0;
    %pushi/vec4 10, 0, 4;
    %store/vec4 v0x56485739d130_0, 0, 4;
    %delay 5, 0;
    %pushi/vec4 0, 0, 1;
    %store/vec4 v0x56485739cc50_0, 0, 1;
    %pushi/vec4 4, 0, 4;
    %store/vec4 v0x56485739d130_0, 0, 4;
    %delay 5, 0;
    %pushi/vec4 1, 0, 1;
    %store/vec4 v0x56485739cef0_0, 0, 1;
    %pushi/vec4 1, 0, 4;
    %store/vec4 v0x56485739d130_0, 0, 4;
    %delay 5, 0;
    %pushi/vec4 1, 0, 1;
    %store/vec4 v0x56485739cd20_0, 0, 1;
    %pushi/vec4 10, 0, 4;
    %store/vec4 v0x56485739d130_0, 0, 4;
    %delay 5, 0;
    %pushi/vec4 1, 0, 1;
    %store/vec4 v0x56485739cc50_0, 0, 1;
    %pushi/vec4 4, 0, 4;
    %store/vec4 v0x56485739d130_0, 0, 4;
    %delay 5, 0;
    %pushi/vec4 1, 0, 1;
    %store/vec4 v0x56485739ce20_0, 0, 1;
    %pushi/vec4 1, 0, 4;
    %store/vec4 v0x56485739d130_0, 0, 4;
    %delay 5, 0;
    %pushi/vec4 1, 0, 1;
    %store/vec4 v0x56485739cf90_0, 0, 1;
    %pushi/vec4 10, 0, 4;
    %store/vec4 v0x56485739d130_0, 0, 4;
    %delay 5, 0;
    %pushi/vec4 0, 0, 1;
    %store/vec4 v0x56485739ce20_0, 0, 1;
    %pushi/vec4 4, 0, 4;
    %store/vec4 v0x56485739d130_0, 0, 4;
    %delay 5, 0;
    %pushi/vec4 1, 0, 1;
    %store/vec4 v0x56485739cb90_0, 0, 1;
    %pushi/vec4 1, 0, 4;
    %store/vec4 v0x56485739d130_0, 0, 4;
    %delay 5, 0;
    %pushi/vec4 0, 0, 1;
    %store/vec4 v0x56485739cc50_0, 0, 1;
    %pushi/vec4 10, 0, 4;
    %store/vec4 v0x56485739d130_0, 0, 4;
    %delay 10, 0;
    %vpi_call 2 34 "$finish" {0 0 0};
    %end;
    .thread T_5;
# The file index is used to find the file name in the following table.
:file_names 4;
    "N/A";
    "<interactive>";
    "test_registru.v";
    "./registru.v";
