#! /usr/local/bin/vvp
:ivl_version "10.3 (stable)" "(v10_3)";
:ivl_delay_selection "TYPICAL";
:vpi_time_precision + 0;
:vpi_module "system";
:vpi_module "vhdl_sys";
:vpi_module "v2005_math";
:vpi_module "va_math";
S_0x55775f6335d0 .scope module, "top" "top" 2 5;
 .timescale 0 0;
v0x55775f65b680_0 .var "IN0", 0 0;
v0x55775f65b790_0 .var "IN1", 0 0;
v0x55775f65b8a0_0 .var "IN2", 0 0;
v0x55775f65b990_0 .var "IN3", 0 0;
v0x55775f65ba80_0 .var "IN4", 0 0;
v0x55775f65bbc0_0 .var "IN5", 0 0;
v0x55775f65bcb0_0 .var "IN6", 0 0;
v0x55775f65bda0_0 .var "IN7", 0 0;
v0x55775f65be90_0 .var "S0", 0 0;
v0x55775f65bf30_0 .var "S1", 0 0;
v0x55775f65bfd0_0 .var "S2", 0 0;
v0x55775f65c070_0 .net "Y", 0 0, L_0x55775f65dcf0;  1 drivers
S_0x55775f622f10 .scope module, "mux" "m81" 2 10, 3 1 0, S_0x55775f6335d0;
 .timescale 0 0;
    .port_info 0 /INPUT 1 "IN0"
    .port_info 1 /INPUT 1 "IN1"
    .port_info 2 /INPUT 1 "IN2"
    .port_info 3 /INPUT 1 "IN3"
    .port_info 4 /INPUT 1 "IN4"
    .port_info 5 /INPUT 1 "IN5"
    .port_info 6 /INPUT 1 "IN6"
    .port_info 7 /INPUT 1 "IN7"
    .port_info 8 /INPUT 1 "S0"
    .port_info 9 /INPUT 1 "S1"
    .port_info 10 /INPUT 1 "S2"
    .port_info 11 /OUTPUT 1 "Y"
v0x55775f65a3f0_0 .net "IN0", 0 0, v0x55775f65b680_0;  1 drivers
v0x55775f65a4e0_0 .net "IN1", 0 0, v0x55775f65b790_0;  1 drivers
v0x55775f65a5b0_0 .net "IN2", 0 0, v0x55775f65b8a0_0;  1 drivers
v0x55775f65a6b0_0 .net "IN3", 0 0, v0x55775f65b990_0;  1 drivers
v0x55775f65a780_0 .net "IN4", 0 0, v0x55775f65ba80_0;  1 drivers
v0x55775f65a820_0 .net "IN5", 0 0, v0x55775f65bbc0_0;  1 drivers
v0x55775f65a8f0_0 .net "IN6", 0 0, v0x55775f65bcb0_0;  1 drivers
v0x55775f65a9c0_0 .net "IN7", 0 0, v0x55775f65bda0_0;  1 drivers
v0x55775f65aa90_0 .net "S0", 0 0, v0x55775f65be90_0;  1 drivers
v0x55775f65abc0_0 .net "S1", 0 0, v0x55775f65bf30_0;  1 drivers
v0x55775f65ac60_0 .net "S2", 0 0, v0x55775f65bfd0_0;  1 drivers
v0x55775f65ad00_0 .net "Y", 0 0, L_0x55775f65dcf0;  alias, 1 drivers
v0x55775f65add0_0 .net "nS0", 0 0, L_0x55775f6245f0;  1 drivers
v0x55775f65ae70_0 .net "nS1", 0 0, L_0x55775f65c110;  1 drivers
v0x55775f65af10_0 .net "nS2", 0 0, L_0x55775f65c1c0;  1 drivers
v0x55775f65afb0_0 .net "outa0", 0 0, L_0x55775f65c3e0;  1 drivers
v0x55775f65b050_0 .net "outa1", 0 0, L_0x55775f65c720;  1 drivers
v0x55775f65b0f0_0 .net "outa2", 0 0, L_0x55775f65cc80;  1 drivers
v0x55775f65b190_0 .net "outa3", 0 0, L_0x55775f65ceb0;  1 drivers
v0x55775f65b280_0 .net "outa4", 0 0, L_0x55775f65d0e0;  1 drivers
v0x55775f65b370_0 .net "outa5", 0 0, L_0x55775f65d420;  1 drivers
v0x55775f65b460_0 .net "outa6", 0 0, L_0x55775f65d650;  1 drivers
v0x55775f65b550_0 .net "outa7", 0 0, L_0x55775f65d880;  1 drivers
S_0x55775f629770 .scope module, "ag0" "and_gate" 3 9, 4 1 0, S_0x55775f622f10;
 .timescale 0 0;
    .port_info 0 /OUTPUT 1 "o"
    .port_info 1 /INPUT 1 "i1"
    .port_info 2 /INPUT 1 "i2"
    .port_info 3 /INPUT 1 "i3"
    .port_info 4 /INPUT 1 "i4"
L_0x55775f65c270 .functor AND 1, v0x55775f65b680_0, L_0x55775f6245f0, C4<1>, C4<1>;
L_0x55775f65c300 .functor AND 1, L_0x55775f65c270, L_0x55775f65c110, C4<1>, C4<1>;
L_0x55775f65c3e0 .functor AND 1, L_0x55775f65c300, L_0x55775f65c1c0, C4<1>, C4<1>;
v0x55775f629940_0 .net *"_s0", 0 0, L_0x55775f65c270;  1 drivers
v0x55775f6548b0_0 .net *"_s2", 0 0, L_0x55775f65c300;  1 drivers
v0x55775f654990_0 .net "i1", 0 0, v0x55775f65b680_0;  alias, 1 drivers
v0x55775f654a30_0 .net "i2", 0 0, L_0x55775f6245f0;  alias, 1 drivers
v0x55775f654af0_0 .net "i3", 0 0, L_0x55775f65c110;  alias, 1 drivers
v0x55775f654c00_0 .net "i4", 0 0, L_0x55775f65c1c0;  alias, 1 drivers
v0x55775f654cc0_0 .net "o", 0 0, L_0x55775f65c3e0;  alias, 1 drivers
S_0x55775f654e20 .scope module, "ag1" "and_gate" 3 10, 4 1 0, S_0x55775f622f10;
 .timescale 0 0;
    .port_info 0 /OUTPUT 1 "o"
    .port_info 1 /INPUT 1 "i1"
    .port_info 2 /INPUT 1 "i2"
    .port_info 3 /INPUT 1 "i3"
    .port_info 4 /INPUT 1 "i4"
L_0x55775f65c4a0 .functor AND 1, v0x55775f65b790_0, v0x55775f65be90_0, C4<1>, C4<1>;
L_0x55775f65c530 .functor AND 1, L_0x55775f65c4a0, L_0x55775f65c110, C4<1>, C4<1>;
L_0x55775f65c720 .functor AND 1, L_0x55775f65c530, L_0x55775f65c1c0, C4<1>, C4<1>;
v0x55775f655010_0 .net *"_s0", 0 0, L_0x55775f65c4a0;  1 drivers
v0x55775f6550f0_0 .net *"_s2", 0 0, L_0x55775f65c530;  1 drivers
v0x55775f6551d0_0 .net "i1", 0 0, v0x55775f65b790_0;  alias, 1 drivers
v0x55775f655270_0 .net "i2", 0 0, v0x55775f65be90_0;  alias, 1 drivers
v0x55775f655330_0 .net "i3", 0 0, L_0x55775f65c110;  alias, 1 drivers
v0x55775f655420_0 .net "i4", 0 0, L_0x55775f65c1c0;  alias, 1 drivers
v0x55775f6554c0_0 .net "o", 0 0, L_0x55775f65c720;  alias, 1 drivers
S_0x55775f6555e0 .scope module, "ag2" "and_gate" 3 11, 4 1 0, S_0x55775f622f10;
 .timescale 0 0;
    .port_info 0 /OUTPUT 1 "o"
    .port_info 1 /INPUT 1 "i1"
    .port_info 2 /INPUT 1 "i2"
    .port_info 3 /INPUT 1 "i3"
    .port_info 4 /INPUT 1 "i4"
L_0x55775f65c8f0 .functor AND 1, v0x55775f65b8a0_0, L_0x55775f6245f0, C4<1>, C4<1>;
L_0x55775f65ca90 .functor AND 1, L_0x55775f65c8f0, v0x55775f65bf30_0, C4<1>, C4<1>;
L_0x55775f65cc80 .functor AND 1, L_0x55775f65ca90, L_0x55775f65c1c0, C4<1>, C4<1>;
v0x55775f6557e0_0 .net *"_s0", 0 0, L_0x55775f65c8f0;  1 drivers
v0x55775f6558c0_0 .net *"_s2", 0 0, L_0x55775f65ca90;  1 drivers
v0x55775f6559a0_0 .net "i1", 0 0, v0x55775f65b8a0_0;  alias, 1 drivers
v0x55775f655a70_0 .net "i2", 0 0, L_0x55775f6245f0;  alias, 1 drivers
v0x55775f655b40_0 .net "i3", 0 0, v0x55775f65bf30_0;  alias, 1 drivers
v0x55775f655c30_0 .net "i4", 0 0, L_0x55775f65c1c0;  alias, 1 drivers
v0x55775f655d20_0 .net "o", 0 0, L_0x55775f65cc80;  alias, 1 drivers
S_0x55775f655e80 .scope module, "ag3" "and_gate" 3 12, 4 1 0, S_0x55775f622f10;
 .timescale 0 0;
    .port_info 0 /OUTPUT 1 "o"
    .port_info 1 /INPUT 1 "i1"
    .port_info 2 /INPUT 1 "i2"
    .port_info 3 /INPUT 1 "i3"
    .port_info 4 /INPUT 1 "i4"
L_0x55775f65cd40 .functor AND 1, v0x55775f65b990_0, v0x55775f65be90_0, C4<1>, C4<1>;
L_0x55775f65cdd0 .functor AND 1, L_0x55775f65cd40, v0x55775f65bf30_0, C4<1>, C4<1>;
L_0x55775f65ceb0 .functor AND 1, L_0x55775f65cdd0, L_0x55775f65c1c0, C4<1>, C4<1>;
v0x55775f656050_0 .net *"_s0", 0 0, L_0x55775f65cd40;  1 drivers
v0x55775f656150_0 .net *"_s2", 0 0, L_0x55775f65cdd0;  1 drivers
v0x55775f656230_0 .net "i1", 0 0, v0x55775f65b990_0;  alias, 1 drivers
v0x55775f6562d0_0 .net "i2", 0 0, v0x55775f65be90_0;  alias, 1 drivers
v0x55775f6563a0_0 .net "i3", 0 0, v0x55775f65bf30_0;  alias, 1 drivers
v0x55775f656490_0 .net "i4", 0 0, L_0x55775f65c1c0;  alias, 1 drivers
v0x55775f656530_0 .net "o", 0 0, L_0x55775f65ceb0;  alias, 1 drivers
S_0x55775f656680 .scope module, "ag4" "and_gate" 3 13, 4 1 0, S_0x55775f622f10;
 .timescale 0 0;
    .port_info 0 /OUTPUT 1 "o"
    .port_info 1 /INPUT 1 "i1"
    .port_info 2 /INPUT 1 "i2"
    .port_info 3 /INPUT 1 "i3"
    .port_info 4 /INPUT 1 "i4"
L_0x55775f65cf70 .functor AND 1, v0x55775f65ba80_0, L_0x55775f6245f0, C4<1>, C4<1>;
L_0x55775f65d000 .functor AND 1, L_0x55775f65cf70, L_0x55775f65c110, C4<1>, C4<1>;
L_0x55775f65d0e0 .functor AND 1, L_0x55775f65d000, v0x55775f65bfd0_0, C4<1>, C4<1>;
v0x55775f6568a0_0 .net *"_s0", 0 0, L_0x55775f65cf70;  1 drivers
v0x55775f6569a0_0 .net *"_s2", 0 0, L_0x55775f65d000;  1 drivers
v0x55775f656a80_0 .net "i1", 0 0, v0x55775f65ba80_0;  alias, 1 drivers
v0x55775f656b20_0 .net "i2", 0 0, L_0x55775f6245f0;  alias, 1 drivers
v0x55775f656c10_0 .net "i3", 0 0, L_0x55775f65c110;  alias, 1 drivers
v0x55775f656d50_0 .net "i4", 0 0, v0x55775f65bfd0_0;  alias, 1 drivers
v0x55775f656e10_0 .net "o", 0 0, L_0x55775f65d0e0;  alias, 1 drivers
S_0x55775f656f70 .scope module, "ag5" "and_gate" 3 14, 4 1 0, S_0x55775f622f10;
 .timescale 0 0;
    .port_info 0 /OUTPUT 1 "o"
    .port_info 1 /INPUT 1 "i1"
    .port_info 2 /INPUT 1 "i2"
    .port_info 3 /INPUT 1 "i3"
    .port_info 4 /INPUT 1 "i4"
L_0x55775f65d2b0 .functor AND 1, v0x55775f65bbc0_0, v0x55775f65be90_0, C4<1>, C4<1>;
L_0x55775f65d340 .functor AND 1, L_0x55775f65d2b0, L_0x55775f65c110, C4<1>, C4<1>;
L_0x55775f65d420 .functor AND 1, L_0x55775f65d340, v0x55775f65bfd0_0, C4<1>, C4<1>;
v0x55775f657140_0 .net *"_s0", 0 0, L_0x55775f65d2b0;  1 drivers
v0x55775f657240_0 .net *"_s2", 0 0, L_0x55775f65d340;  1 drivers
v0x55775f657320_0 .net "i1", 0 0, v0x55775f65bbc0_0;  alias, 1 drivers
v0x55775f6573c0_0 .net "i2", 0 0, v0x55775f65be90_0;  alias, 1 drivers
v0x55775f6574b0_0 .net "i3", 0 0, L_0x55775f65c110;  alias, 1 drivers
v0x55775f6575a0_0 .net "i4", 0 0, v0x55775f65bfd0_0;  alias, 1 drivers
v0x55775f657640_0 .net "o", 0 0, L_0x55775f65d420;  alias, 1 drivers
S_0x55775f657780 .scope module, "ag6" "and_gate" 3 15, 4 1 0, S_0x55775f622f10;
 .timescale 0 0;
    .port_info 0 /OUTPUT 1 "o"
    .port_info 1 /INPUT 1 "i1"
    .port_info 2 /INPUT 1 "i2"
    .port_info 3 /INPUT 1 "i3"
    .port_info 4 /INPUT 1 "i4"
L_0x55775f65d4e0 .functor AND 1, v0x55775f65bcb0_0, L_0x55775f6245f0, C4<1>, C4<1>;
L_0x55775f65d570 .functor AND 1, L_0x55775f65d4e0, v0x55775f65bf30_0, C4<1>, C4<1>;
L_0x55775f65d650 .functor AND 1, L_0x55775f65d570, v0x55775f65bfd0_0, C4<1>, C4<1>;
v0x55775f657950_0 .net *"_s0", 0 0, L_0x55775f65d4e0;  1 drivers
v0x55775f657a50_0 .net *"_s2", 0 0, L_0x55775f65d570;  1 drivers
v0x55775f657b30_0 .net "i1", 0 0, v0x55775f65bcb0_0;  alias, 1 drivers
v0x55775f657bd0_0 .net "i2", 0 0, L_0x55775f6245f0;  alias, 1 drivers
v0x55775f657c70_0 .net "i3", 0 0, v0x55775f65bf30_0;  alias, 1 drivers
v0x55775f657db0_0 .net "i4", 0 0, v0x55775f65bfd0_0;  alias, 1 drivers
v0x55775f657ea0_0 .net "o", 0 0, L_0x55775f65d650;  alias, 1 drivers
S_0x55775f658000 .scope module, "ag7" "and_gate" 3 16, 4 1 0, S_0x55775f622f10;
 .timescale 0 0;
    .port_info 0 /OUTPUT 1 "o"
    .port_info 1 /INPUT 1 "i1"
    .port_info 2 /INPUT 1 "i2"
    .port_info 3 /INPUT 1 "i3"
    .port_info 4 /INPUT 1 "i4"
L_0x55775f65d710 .functor AND 1, v0x55775f65bda0_0, v0x55775f65be90_0, C4<1>, C4<1>;
L_0x55775f65d7a0 .functor AND 1, L_0x55775f65d710, v0x55775f65bf30_0, C4<1>, C4<1>;
L_0x55775f65d880 .functor AND 1, L_0x55775f65d7a0, v0x55775f65bfd0_0, C4<1>, C4<1>;
v0x55775f6581d0_0 .net *"_s0", 0 0, L_0x55775f65d710;  1 drivers
v0x55775f6582d0_0 .net *"_s2", 0 0, L_0x55775f65d7a0;  1 drivers
v0x55775f6583b0_0 .net "i1", 0 0, v0x55775f65bda0_0;  alias, 1 drivers
v0x55775f658450_0 .net "i2", 0 0, v0x55775f65be90_0;  alias, 1 drivers
v0x55775f6584f0_0 .net "i3", 0 0, v0x55775f65bf30_0;  alias, 1 drivers
v0x55775f6585e0_0 .net "i4", 0 0, v0x55775f65bfd0_0;  alias, 1 drivers
v0x55775f658680_0 .net "o", 0 0, L_0x55775f65d880;  alias, 1 drivers
S_0x55775f6587e0 .scope module, "ng0" "not_gate" 3 5, 5 1 0, S_0x55775f622f10;
 .timescale 0 0;
    .port_info 0 /OUTPUT 1 "o"
    .port_info 1 /INPUT 1 "i"
L_0x55775f6245f0 .functor NOT 1, v0x55775f65be90_0, C4<0>, C4<0>, C4<0>;
v0x55775f6589d0_0 .net "i", 0 0, v0x55775f65be90_0;  alias, 1 drivers
v0x55775f658a90_0 .net "o", 0 0, L_0x55775f6245f0;  alias, 1 drivers
S_0x55775f658c20 .scope module, "ng1" "not_gate" 3 6, 5 1 0, S_0x55775f622f10;
 .timescale 0 0;
    .port_info 0 /OUTPUT 1 "o"
    .port_info 1 /INPUT 1 "i"
L_0x55775f65c110 .functor NOT 1, v0x55775f65bf30_0, C4<0>, C4<0>, C4<0>;
v0x55775f658da0_0 .net "i", 0 0, v0x55775f65bf30_0;  alias, 1 drivers
v0x55775f658ef0_0 .net "o", 0 0, L_0x55775f65c110;  alias, 1 drivers
S_0x55775f659080 .scope module, "ng2" "not_gate" 3 7, 5 1 0, S_0x55775f622f10;
 .timescale 0 0;
    .port_info 0 /OUTPUT 1 "o"
    .port_info 1 /INPUT 1 "i"
L_0x55775f65c1c0 .functor NOT 1, v0x55775f65bfd0_0, C4<0>, C4<0>, C4<0>;
v0x55775f659200_0 .net "i", 0 0, v0x55775f65bfd0_0;  alias, 1 drivers
v0x55775f659350_0 .net "o", 0 0, L_0x55775f65c1c0;  alias, 1 drivers
S_0x55775f6594e0 .scope module, "og" "or_gate" 3 18, 6 1 0, S_0x55775f622f10;
 .timescale 0 0;
    .port_info 0 /OUTPUT 1 "o"
    .port_info 1 /INPUT 1 "i1"
    .port_info 2 /INPUT 1 "i2"
    .port_info 3 /INPUT 1 "i3"
    .port_info 4 /INPUT 1 "i4"
    .port_info 5 /INPUT 1 "i5"
    .port_info 6 /INPUT 1 "i6"
    .port_info 7 /INPUT 1 "i7"
    .port_info 8 /INPUT 1 "i8"
L_0x55775f65d940 .functor OR 1, L_0x55775f65c3e0, L_0x55775f65c720, C4<0>, C4<0>;
L_0x55775f65d9d0 .functor OR 1, L_0x55775f65d940, L_0x55775f65cc80, C4<0>, C4<0>;
L_0x55775f65da60 .functor OR 1, L_0x55775f65d9d0, L_0x55775f65ceb0, C4<0>, C4<0>;
L_0x55775f65dad0 .functor OR 1, L_0x55775f65da60, L_0x55775f65d0e0, C4<0>, C4<0>;
L_0x55775f65db40 .functor OR 1, L_0x55775f65dad0, L_0x55775f65d420, C4<0>, C4<0>;
L_0x55775f65dbb0 .functor OR 1, L_0x55775f65db40, L_0x55775f65d650, C4<0>, C4<0>;
L_0x55775f65dcf0 .functor OR 1, L_0x55775f65dbb0, L_0x55775f65d880, C4<0>, C4<0>;
v0x55775f659740_0 .net *"_s0", 0 0, L_0x55775f65d940;  1 drivers
v0x55775f659820_0 .net *"_s10", 0 0, L_0x55775f65dbb0;  1 drivers
v0x55775f659900_0 .net *"_s2", 0 0, L_0x55775f65d9d0;  1 drivers
v0x55775f6599c0_0 .net *"_s4", 0 0, L_0x55775f65da60;  1 drivers
v0x55775f659aa0_0 .net *"_s6", 0 0, L_0x55775f65dad0;  1 drivers
v0x55775f659b80_0 .net *"_s8", 0 0, L_0x55775f65db40;  1 drivers
v0x55775f659c60_0 .net "i1", 0 0, L_0x55775f65c3e0;  alias, 1 drivers
v0x55775f659d00_0 .net "i2", 0 0, L_0x55775f65c720;  alias, 1 drivers
v0x55775f659da0_0 .net "i3", 0 0, L_0x55775f65cc80;  alias, 1 drivers
v0x55775f659f00_0 .net "i4", 0 0, L_0x55775f65ceb0;  alias, 1 drivers
v0x55775f659fd0_0 .net "i5", 0 0, L_0x55775f65d0e0;  alias, 1 drivers
v0x55775f65a0a0_0 .net "i6", 0 0, L_0x55775f65d420;  alias, 1 drivers
v0x55775f65a170_0 .net "i7", 0 0, L_0x55775f65d650;  alias, 1 drivers
v0x55775f65a240_0 .net "i8", 0 0, L_0x55775f65d880;  alias, 1 drivers
v0x55775f65a310_0 .net "o", 0 0, L_0x55775f65dcf0;  alias, 1 drivers
    .scope S_0x55775f6335d0;
T_0 ;
    %vpi_call 2 12 "$dumpfile", "top.vcd" {0 0 0};
    %end;
    .thread T_0;
    .scope S_0x55775f6335d0;
T_1 ;
    %vpi_call 2 13 "$dumpvars", 32'sb00000000000000000000000000000000, S_0x55775f6335d0 {0 0 0};
    %end;
    .thread T_1;
    .scope S_0x55775f6335d0;
T_2 ;
    %pushi/vec4 0, 0, 1;
    %store/vec4 v0x55775f65b680_0, 0, 1;
    %pushi/vec4 0, 0, 1;
    %store/vec4 v0x55775f65b790_0, 0, 1;
    %pushi/vec4 0, 0, 1;
    %store/vec4 v0x55775f65b8a0_0, 0, 1;
    %pushi/vec4 0, 0, 1;
    %store/vec4 v0x55775f65b990_0, 0, 1;
    %pushi/vec4 0, 0, 1;
    %store/vec4 v0x55775f65ba80_0, 0, 1;
    %pushi/vec4 0, 0, 1;
    %store/vec4 v0x55775f65bbc0_0, 0, 1;
    %pushi/vec4 0, 0, 1;
    %store/vec4 v0x55775f65bcb0_0, 0, 1;
    %pushi/vec4 0, 0, 1;
    %store/vec4 v0x55775f65bda0_0, 0, 1;
    %pushi/vec4 0, 0, 1;
    %store/vec4 v0x55775f65be90_0, 0, 1;
    %pushi/vec4 0, 0, 1;
    %store/vec4 v0x55775f65bf30_0, 0, 1;
    %pushi/vec4 0, 0, 1;
    %store/vec4 v0x55775f65bfd0_0, 0, 1;
    %delay 500, 0;
    %vpi_call 2 30 "$finish" {0 0 0};
    %end;
    .thread T_2;
    .scope S_0x55775f6335d0;
T_3 ;
    %delay 1, 0;
    %load/vec4 v0x55775f65b680_0;
    %inv;
    %store/vec4 v0x55775f65b680_0, 0, 1;
    %jmp T_3;
    .thread T_3;
    .scope S_0x55775f6335d0;
T_4 ;
    %delay 2, 0;
    %load/vec4 v0x55775f65b790_0;
    %inv;
    %store/vec4 v0x55775f65b790_0, 0, 1;
    %jmp T_4;
    .thread T_4;
    .scope S_0x55775f6335d0;
T_5 ;
    %delay 3, 0;
    %load/vec4 v0x55775f65b8a0_0;
    %inv;
    %store/vec4 v0x55775f65b8a0_0, 0, 1;
    %jmp T_5;
    .thread T_5;
    .scope S_0x55775f6335d0;
T_6 ;
    %delay 4, 0;
    %load/vec4 v0x55775f65b990_0;
    %inv;
    %store/vec4 v0x55775f65b990_0, 0, 1;
    %jmp T_6;
    .thread T_6;
    .scope S_0x55775f6335d0;
T_7 ;
    %delay 5, 0;
    %load/vec4 v0x55775f65ba80_0;
    %inv;
    %store/vec4 v0x55775f65ba80_0, 0, 1;
    %jmp T_7;
    .thread T_7;
    .scope S_0x55775f6335d0;
T_8 ;
    %delay 6, 0;
    %load/vec4 v0x55775f65bbc0_0;
    %inv;
    %store/vec4 v0x55775f65bbc0_0, 0, 1;
    %jmp T_8;
    .thread T_8;
    .scope S_0x55775f6335d0;
T_9 ;
    %delay 7, 0;
    %load/vec4 v0x55775f65bcb0_0;
    %inv;
    %store/vec4 v0x55775f65bcb0_0, 0, 1;
    %jmp T_9;
    .thread T_9;
    .scope S_0x55775f6335d0;
T_10 ;
    %delay 8, 0;
    %load/vec4 v0x55775f65bda0_0;
    %inv;
    %store/vec4 v0x55775f65bda0_0, 0, 1;
    %jmp T_10;
    .thread T_10;
    .scope S_0x55775f6335d0;
T_11 ;
    %delay 9, 0;
    %load/vec4 v0x55775f65be90_0;
    %inv;
    %store/vec4 v0x55775f65be90_0, 0, 1;
    %jmp T_11;
    .thread T_11;
    .scope S_0x55775f6335d0;
T_12 ;
    %delay 10, 0;
    %load/vec4 v0x55775f65bf30_0;
    %inv;
    %store/vec4 v0x55775f65bf30_0, 0, 1;
    %jmp T_12;
    .thread T_12;
    .scope S_0x55775f6335d0;
T_13 ;
    %delay 11, 0;
    %load/vec4 v0x55775f65bfd0_0;
    %inv;
    %store/vec4 v0x55775f65bfd0_0, 0, 1;
    %jmp T_13;
    .thread T_13;
# The file index is used to find the file name in the following table.
:file_names 7;
    "N/A";
    "<interactive>";
    "top.v";
    "./mux8_1.v";
    "./and_gate.v";
    "./not_gate.v";
    "./or_gate.v";
