#! /usr/local/bin/vvp
:ivl_version "10.3 (stable)" "(v10_3)";
:ivl_delay_selection "TYPICAL";
:vpi_time_precision + 0;
:vpi_module "system";
:vpi_module "vhdl_sys";
:vpi_module "v2005_math";
:vpi_module "va_math";
S_0x564770d92ef0 .scope module, "test_circuit" "test_circuit" 2 7;
 .timescale 0 0;
v0x564770dd5180_0 .var "clk", 0 0;
v0x564770dd5240_0 .var "test_a", 3 0;
v0x564770dd5300_0 .var "test_b", 3 0;
v0x564770dd53f0_0 .var "test_c", 3 0;
v0x564770dd5500_0 .var "test_d", 3 0;
v0x564770dd5660_0 .var "test_e", 3 0;
v0x564770dd5770_0 .var "test_f", 3 0;
v0x564770dd5880_0 .net "test_output", 3 0, L_0x564770d94de0;  1 drivers
S_0x564770da5760 .scope module, "c1" "circuit" 2 13, 3 1 0, S_0x564770d92ef0;
 .timescale 0 0;
    .port_info 0 /INPUT 1 "clk"
    .port_info 1 /INPUT 4 "a"
    .port_info 2 /INPUT 4 "b"
    .port_info 3 /INPUT 4 "c"
    .port_info 4 /INPUT 4 "d"
    .port_info 5 /INPUT 4 "e"
    .port_info 6 /INPUT 4 "f"
    .port_info 7 /OUTPUT 4 "o"
L_0x564770d94de0 .functor BUFZ 4, L_0x564770dd65f0, C4<0000>, C4<0000>, C4<0000>;
L_0x7fcf4e787060 .functor BUFT 1, C4<0000>, C4<0>, C4<0>, C4<0>;
v0x564770dd3f20_0 .net/2u *"_s10", 3 0, L_0x7fcf4e787060;  1 drivers
L_0x7fcf4e787018 .functor BUFT 1, C4<0000>, C4<0>, C4<0>, C4<0>;
v0x564770dd4000_0 .net/2u *"_s8", 3 0, L_0x7fcf4e787018;  1 drivers
v0x564770dd40e0_0 .net "a", 3 0, v0x564770dd5240_0;  1 drivers
v0x564770dd41e0_0 .net "b", 3 0, v0x564770dd5300_0;  1 drivers
v0x564770dd42b0_0 .net "c", 3 0, v0x564770dd53f0_0;  1 drivers
v0x564770dd43a0_0 .net "clk", 0 0, v0x564770dd5180_0;  1 drivers
v0x564770dd4490_0 .net "d", 3 0, v0x564770dd5500_0;  1 drivers
v0x564770dd4530_0 .net "descazut", 3 0, L_0x564770dd6470;  1 drivers
v0x564770dd4600_0 .net "e", 3 0, v0x564770dd5660_0;  1 drivers
v0x564770dd46d0_0 .net "f", 3 0, v0x564770dd5770_0;  1 drivers
v0x564770dd47a0_0 .net "factor1", 3 0, L_0x564770dd5ed0;  1 drivers
v0x564770dd4870_0 .net "factor2", 3 0, L_0x564770dd6010;  1 drivers
v0x564770dd4940_0 .net "o", 3 0, L_0x564770d94de0;  alias, 1 drivers
v0x564770dd4a00_0 .net "out1", 11 0, v0x564770dd3330_0;  1 drivers
v0x564770dd4af0_0 .net "out2", 11 0, v0x564770dd3840_0;  1 drivers
v0x564770dd4bc0_0 .net "rez_div1", 3 0, L_0x564770dd5940;  1 drivers
v0x564770dd4c90_0 .net "rez_div2", 3 0, L_0x564770dd5ad0;  1 drivers
v0x564770dd4d60_0 .net "rez_div3", 3 0, L_0x564770dd5c80;  1 drivers
v0x564770dd4e30_0 .net "rez_mult1", 3 0, L_0x564770dd61f0;  1 drivers
v0x564770dd4f00_0 .net "rez_sub1", 3 0, L_0x564770dd65f0;  1 drivers
v0x564770dd4fd0_0 .net "scazator", 3 0, L_0x564770dd6100;  1 drivers
L_0x564770dd5e30 .concat [ 4 4 4 0], L_0x564770dd5940, L_0x564770dd5ad0, L_0x564770dd5c80;
L_0x564770dd5ed0 .part v0x564770dd3330_0, 0, 4;
L_0x564770dd6010 .part v0x564770dd3330_0, 4, 4;
L_0x564770dd6100 .part v0x564770dd3330_0, 8, 4;
L_0x564770dd6330 .concat [ 4 4 4 0], L_0x564770dd61f0, L_0x7fcf4e787060, L_0x7fcf4e787018;
L_0x564770dd6470 .part v0x564770dd3840_0, 0, 4;
S_0x564770da5a00 .scope module, "div1" "divop" 3 13, 4 1 0, S_0x564770da5760;
 .timescale 0 0;
    .port_info 0 /INPUT 4 "op_div1"
    .port_info 1 /INPUT 4 "op_div2"
    .port_info 2 /OUTPUT 4 "out_div"
v0x564770d93a00_0 .net "op_div1", 3 0, v0x564770dd5240_0;  alias, 1 drivers
v0x564770dd1d00_0 .net "op_div2", 3 0, v0x564770dd5300_0;  alias, 1 drivers
v0x564770dd1de0_0 .net "out_div", 3 0, L_0x564770dd5940;  alias, 1 drivers
L_0x564770dd5940 .delay 4 (20,20,20) L_0x564770dd5940/d;
L_0x564770dd5940/d .arith/div 4, v0x564770dd5240_0, v0x564770dd5300_0;
S_0x564770dd1f20 .scope module, "div2" "divop" 3 15, 4 1 0, S_0x564770da5760;
 .timescale 0 0;
    .port_info 0 /INPUT 4 "op_div1"
    .port_info 1 /INPUT 4 "op_div2"
    .port_info 2 /OUTPUT 4 "out_div"
v0x564770dd2140_0 .net "op_div1", 3 0, v0x564770dd53f0_0;  alias, 1 drivers
v0x564770dd2240_0 .net "op_div2", 3 0, v0x564770dd5500_0;  alias, 1 drivers
v0x564770dd2320_0 .net "out_div", 3 0, L_0x564770dd5ad0;  alias, 1 drivers
L_0x564770dd5ad0 .delay 4 (20,20,20) L_0x564770dd5ad0/d;
L_0x564770dd5ad0/d .arith/div 4, v0x564770dd53f0_0, v0x564770dd5500_0;
S_0x564770dd2460 .scope module, "div3" "divop" 3 17, 4 1 0, S_0x564770da5760;
 .timescale 0 0;
    .port_info 0 /INPUT 4 "op_div1"
    .port_info 1 /INPUT 4 "op_div2"
    .port_info 2 /OUTPUT 4 "out_div"
v0x564770dd2680_0 .net "op_div1", 3 0, v0x564770dd5660_0;  alias, 1 drivers
v0x564770dd2760_0 .net "op_div2", 3 0, v0x564770dd5770_0;  alias, 1 drivers
v0x564770dd2840_0 .net "out_div", 3 0, L_0x564770dd5c80;  alias, 1 drivers
L_0x564770dd5c80 .delay 4 (20,20,20) L_0x564770dd5c80/d;
L_0x564770dd5c80/d .arith/div 4, v0x564770dd5660_0, v0x564770dd5770_0;
S_0x564770dd2980 .scope module, "mult1" "multop" 3 30, 5 1 0, S_0x564770da5760;
 .timescale 0 0;
    .port_info 0 /INPUT 4 "op_mult1"
    .port_info 1 /INPUT 4 "op_mult2"
    .port_info 2 /OUTPUT 4 "out_mult"
v0x564770dd2ba0_0 .net "op_mult1", 3 0, L_0x564770dd5ed0;  alias, 1 drivers
v0x564770dd2ca0_0 .net "op_mult2", 3 0, L_0x564770dd6010;  alias, 1 drivers
v0x564770dd2d80_0 .net "out_mult", 3 0, L_0x564770dd61f0;  alias, 1 drivers
L_0x564770dd61f0 .delay 4 (15,15,15) L_0x564770dd61f0/d;
L_0x564770dd61f0/d .arith/mult 4, L_0x564770dd5ed0, L_0x564770dd6010;
S_0x564770dd2ec0 .scope module, "rp1" "reg_pipe" 3 20, 6 1 0, S_0x564770da5760;
 .timescale 0 0;
    .port_info 0 /INPUT 1 "clk"
    .port_info 1 /INPUT 12 "in"
    .port_info 2 /OUTPUT 12 "out"
v0x564770dd3170_0 .net "clk", 0 0, v0x564770dd5180_0;  alias, 1 drivers
v0x564770dd3250_0 .net "in", 11 0, L_0x564770dd5e30;  1 drivers
v0x564770dd3330_0 .var "out", 11 0;
E_0x564770d9ef20 .event posedge, v0x564770dd3170_0;
S_0x564770dd3470 .scope module, "rp2" "reg_pipe" 3 33, 6 1 0, S_0x564770da5760;
 .timescale 0 0;
    .port_info 0 /INPUT 1 "clk"
    .port_info 1 /INPUT 12 "in"
    .port_info 2 /OUTPUT 12 "out"
v0x564770dd3690_0 .net "clk", 0 0, v0x564770dd5180_0;  alias, 1 drivers
v0x564770dd3780_0 .net "in", 11 0, L_0x564770dd6330;  1 drivers
v0x564770dd3840_0 .var "out", 11 0;
S_0x564770dd39b0 .scope module, "sub1" "subop" 3 39, 7 1 0, S_0x564770da5760;
 .timescale 0 0;
    .port_info 0 /INPUT 4 "op_sub1"
    .port_info 1 /INPUT 4 "op_sub2"
    .port_info 2 /OUTPUT 4 "out_sub"
v0x564770dd3bd0_0 .net "op_sub1", 3 0, L_0x564770dd6470;  alias, 1 drivers
v0x564770dd3cd0_0 .net "op_sub2", 3 0, L_0x564770dd6100;  alias, 1 drivers
v0x564770dd3db0_0 .net "out_sub", 3 0, L_0x564770dd65f0;  alias, 1 drivers
L_0x564770dd65f0 .delay 4 (10,10,10) L_0x564770dd65f0/d;
L_0x564770dd65f0/d .arith/sub 4, L_0x564770dd6470, L_0x564770dd6100;
    .scope S_0x564770dd2ec0;
T_0 ;
    %wait E_0x564770d9ef20;
    %load/vec4 v0x564770dd3250_0;
    %assign/vec4 v0x564770dd3330_0, 0;
    %jmp T_0;
    .thread T_0;
    .scope S_0x564770dd3470;
T_1 ;
    %wait E_0x564770d9ef20;
    %load/vec4 v0x564770dd3780_0;
    %assign/vec4 v0x564770dd3840_0, 0;
    %jmp T_1;
    .thread T_1;
    .scope S_0x564770d92ef0;
T_2 ;
    %pushi/vec4 0, 0, 1;
    %store/vec4 v0x564770dd5180_0, 0, 1;
    %end;
    .thread T_2;
    .scope S_0x564770d92ef0;
T_3 ;
    %vpi_call 2 15 "$dumpfile", "test_circuit.vcd" {0 0 0};
    %end;
    .thread T_3;
    .scope S_0x564770d92ef0;
T_4 ;
    %vpi_call 2 16 "$dumpvars", 32'sb00000000000000000000000000000000, S_0x564770d92ef0 {0 0 0};
    %end;
    .thread T_4;
    .scope S_0x564770d92ef0;
T_5 ;
T_5.0 ;
    %delay 10, 0;
    %load/vec4 v0x564770dd5180_0;
    %inv;
    %store/vec4 v0x564770dd5180_0, 0, 1;
    %jmp T_5.0;
    %end;
    .thread T_5;
    .scope S_0x564770d92ef0;
T_6 ;
    %delay 0, 0;
    %pushi/vec4 0, 0, 4;
    %assign/vec4 v0x564770dd5240_0, 0;
    %pushi/vec4 1, 0, 4;
    %assign/vec4 v0x564770dd5300_0, 0;
    %pushi/vec4 10, 0, 4;
    %assign/vec4 v0x564770dd53f0_0, 0;
    %pushi/vec4 8, 0, 4;
    %assign/vec4 v0x564770dd5500_0, 0;
    %pushi/vec4 2, 0, 4;
    %assign/vec4 v0x564770dd5660_0, 0;
    %pushi/vec4 13, 0, 4;
    %assign/vec4 v0x564770dd5770_0, 0;
    %delay 20, 0;
    %pushi/vec4 2, 0, 4;
    %assign/vec4 v0x564770dd5240_0, 0;
    %pushi/vec4 5, 0, 4;
    %assign/vec4 v0x564770dd5300_0, 0;
    %pushi/vec4 14, 0, 4;
    %assign/vec4 v0x564770dd53f0_0, 0;
    %pushi/vec4 9, 0, 4;
    %assign/vec4 v0x564770dd5500_0, 0;
    %pushi/vec4 0, 0, 4;
    %assign/vec4 v0x564770dd5660_0, 0;
    %pushi/vec4 5, 0, 4;
    %assign/vec4 v0x564770dd5770_0, 0;
    %delay 20, 0;
    %pushi/vec4 4, 0, 4;
    %assign/vec4 v0x564770dd5240_0, 0;
    %pushi/vec4 1, 0, 4;
    %assign/vec4 v0x564770dd5300_0, 0;
    %pushi/vec4 10, 0, 4;
    %assign/vec4 v0x564770dd53f0_0, 0;
    %pushi/vec4 10, 0, 4;
    %assign/vec4 v0x564770dd5500_0, 0;
    %pushi/vec4 2, 0, 4;
    %assign/vec4 v0x564770dd5660_0, 0;
    %pushi/vec4 12, 0, 4;
    %assign/vec4 v0x564770dd5770_0, 0;
    %delay 20, 0;
    %pushi/vec4 4, 0, 4;
    %assign/vec4 v0x564770dd5240_0, 0;
    %pushi/vec4 5, 0, 4;
    %assign/vec4 v0x564770dd5300_0, 0;
    %pushi/vec4 14, 0, 4;
    %assign/vec4 v0x564770dd53f0_0, 0;
    %pushi/vec4 8, 0, 4;
    %assign/vec4 v0x564770dd5500_0, 0;
    %pushi/vec4 6, 0, 4;
    %assign/vec4 v0x564770dd5660_0, 0;
    %pushi/vec4 9, 0, 4;
    %assign/vec4 v0x564770dd5770_0, 0;
    %delay 20, 0;
    %pushi/vec4 4, 0, 4;
    %assign/vec4 v0x564770dd5240_0, 0;
    %pushi/vec4 5, 0, 4;
    %assign/vec4 v0x564770dd5300_0, 0;
    %pushi/vec4 2, 0, 4;
    %assign/vec4 v0x564770dd53f0_0, 0;
    %pushi/vec4 12, 0, 4;
    %assign/vec4 v0x564770dd5500_0, 0;
    %pushi/vec4 6, 0, 4;
    %assign/vec4 v0x564770dd5660_0, 0;
    %pushi/vec4 9, 0, 4;
    %assign/vec4 v0x564770dd5770_0, 0;
    %delay 20, 0;
    %pushi/vec4 0, 0, 4;
    %assign/vec4 v0x564770dd5240_0, 0;
    %pushi/vec4 1, 0, 4;
    %assign/vec4 v0x564770dd5300_0, 0;
    %pushi/vec4 10, 0, 4;
    %assign/vec4 v0x564770dd53f0_0, 0;
    %pushi/vec4 9, 0, 4;
    %assign/vec4 v0x564770dd5500_0, 0;
    %pushi/vec4 2, 0, 4;
    %assign/vec4 v0x564770dd5660_0, 0;
    %pushi/vec4 13, 0, 4;
    %assign/vec4 v0x564770dd5770_0, 0;
    %delay 20, 0;
    %pushi/vec4 14, 0, 4;
    %assign/vec4 v0x564770dd5240_0, 0;
    %pushi/vec4 13, 0, 4;
    %assign/vec4 v0x564770dd5300_0, 0;
    %pushi/vec4 15, 0, 4;
    %assign/vec4 v0x564770dd53f0_0, 0;
    %pushi/vec4 11, 0, 4;
    %assign/vec4 v0x564770dd5500_0, 0;
    %pushi/vec4 12, 0, 4;
    %assign/vec4 v0x564770dd5660_0, 0;
    %pushi/vec4 8, 0, 4;
    %assign/vec4 v0x564770dd5770_0, 0;
    %delay 20, 0;
    %pushi/vec4 12, 0, 4;
    %assign/vec4 v0x564770dd5240_0, 0;
    %pushi/vec4 9, 0, 4;
    %assign/vec4 v0x564770dd5300_0, 0;
    %pushi/vec4 10, 0, 4;
    %assign/vec4 v0x564770dd53f0_0, 0;
    %pushi/vec4 10, 0, 4;
    %assign/vec4 v0x564770dd5500_0, 0;
    %pushi/vec4 10, 0, 4;
    %assign/vec4 v0x564770dd5660_0, 0;
    %pushi/vec4 9, 0, 4;
    %assign/vec4 v0x564770dd5770_0, 0;
    %delay 20, 0;
    %pushi/vec4 5, 0, 4;
    %assign/vec4 v0x564770dd5240_0, 0;
    %pushi/vec4 5, 0, 4;
    %assign/vec4 v0x564770dd5300_0, 0;
    %pushi/vec4 14, 0, 4;
    %assign/vec4 v0x564770dd53f0_0, 0;
    %pushi/vec4 8, 0, 4;
    %assign/vec4 v0x564770dd5500_0, 0;
    %pushi/vec4 6, 0, 4;
    %assign/vec4 v0x564770dd5660_0, 0;
    %pushi/vec4 11, 0, 4;
    %assign/vec4 v0x564770dd5770_0, 0;
    %delay 20, 0;
    %pushi/vec4 6, 0, 4;
    %assign/vec4 v0x564770dd5240_0, 0;
    %pushi/vec4 12, 0, 4;
    %assign/vec4 v0x564770dd5300_0, 0;
    %pushi/vec4 3, 0, 4;
    %assign/vec4 v0x564770dd53f0_0, 0;
    %pushi/vec4 13, 0, 4;
    %assign/vec4 v0x564770dd5500_0, 0;
    %pushi/vec4 2, 0, 4;
    %assign/vec4 v0x564770dd5660_0, 0;
    %pushi/vec4 12, 0, 4;
    %assign/vec4 v0x564770dd5770_0, 0;
    %delay 20, 0;
    %pushi/vec4 4, 0, 4;
    %assign/vec4 v0x564770dd5240_0, 0;
    %pushi/vec4 5, 0, 4;
    %assign/vec4 v0x564770dd5300_0, 0;
    %pushi/vec4 11, 0, 4;
    %assign/vec4 v0x564770dd53f0_0, 0;
    %pushi/vec4 10, 0, 4;
    %assign/vec4 v0x564770dd5500_0, 0;
    %pushi/vec4 3, 0, 4;
    %assign/vec4 v0x564770dd5660_0, 0;
    %pushi/vec4 13, 0, 4;
    %assign/vec4 v0x564770dd5770_0, 0;
    %delay 20, 0;
    %pushi/vec4 10, 0, 4;
    %assign/vec4 v0x564770dd5240_0, 0;
    %pushi/vec4 9, 0, 4;
    %assign/vec4 v0x564770dd5300_0, 0;
    %pushi/vec4 14, 0, 4;
    %assign/vec4 v0x564770dd53f0_0, 0;
    %pushi/vec4 11, 0, 4;
    %assign/vec4 v0x564770dd5500_0, 0;
    %pushi/vec4 10, 0, 4;
    %assign/vec4 v0x564770dd5660_0, 0;
    %pushi/vec4 5, 0, 4;
    %assign/vec4 v0x564770dd5770_0, 0;
    %delay 20, 0;
    %pushi/vec4 12, 0, 4;
    %assign/vec4 v0x564770dd5240_0, 0;
    %pushi/vec4 4, 0, 4;
    %assign/vec4 v0x564770dd5300_0, 0;
    %pushi/vec4 11, 0, 4;
    %assign/vec4 v0x564770dd53f0_0, 0;
    %pushi/vec4 8, 0, 4;
    %assign/vec4 v0x564770dd5500_0, 0;
    %pushi/vec4 2, 0, 4;
    %assign/vec4 v0x564770dd5660_0, 0;
    %pushi/vec4 4, 0, 4;
    %assign/vec4 v0x564770dd5770_0, 0;
    %delay 20, 0;
    %pushi/vec4 7, 0, 4;
    %assign/vec4 v0x564770dd5240_0, 0;
    %pushi/vec4 5, 0, 4;
    %assign/vec4 v0x564770dd5300_0, 0;
    %pushi/vec4 10, 0, 4;
    %assign/vec4 v0x564770dd53f0_0, 0;
    %pushi/vec4 12, 0, 4;
    %assign/vec4 v0x564770dd5500_0, 0;
    %pushi/vec4 6, 0, 4;
    %assign/vec4 v0x564770dd5660_0, 0;
    %pushi/vec4 1, 0, 4;
    %assign/vec4 v0x564770dd5770_0, 0;
    %delay 20, 0;
    %pushi/vec4 14, 0, 4;
    %assign/vec4 v0x564770dd5240_0, 0;
    %pushi/vec4 12, 0, 4;
    %assign/vec4 v0x564770dd5300_0, 0;
    %pushi/vec4 6, 0, 4;
    %assign/vec4 v0x564770dd53f0_0, 0;
    %pushi/vec4 14, 0, 4;
    %assign/vec4 v0x564770dd5500_0, 0;
    %pushi/vec4 7, 0, 4;
    %assign/vec4 v0x564770dd5660_0, 0;
    %pushi/vec4 9, 0, 4;
    %assign/vec4 v0x564770dd5770_0, 0;
    %delay 20, 0;
    %vpi_call 2 40 "$finish" {0 0 0};
    %end;
    .thread T_6;
# The file index is used to find the file name in the following table.
:file_names 8;
    "N/A";
    "<interactive>";
    "test_circuit.v";
    "./circuit.v";
    "./divop.v";
    "./multop.v";
    "./reg_pipe.v";
    "./subop.v";
